{"ts": "2026-02-15T15:09:36", "task_id": "e1b32ca8-6520-41b8-836f-2c1962159118", "event": "task_created", "pptx_filename": "海尔智家投资价值分析PPT.pptx", "audio_filename": "海尔智家.mp3", "srt_filename": "1770487657_7742.srt", "output_resolution": "1920x1080", "similarity_threshold": 0.5, "min_display_duration": 2.0}
{"ts": "2026-02-15T15:09:36", "task_id": "e1b32ca8-6520-41b8-836f-2c1962159118", "event": "processing_started", "pptx_path": "F:\\WorkSpace\\Talk2Slides\\backend\\temp\\e1b32ca8-6520-41b8-836f-2c1962159118\\presentation.pptx", "audio_path": "F:\\WorkSpace\\Talk2Slides\\backend\\temp\\e1b32ca8-6520-41b8-836f-2c1962159118\\audio.mp3", "srt_path": "F:\\WorkSpace\\Talk2Slides\\backend\\temp\\e1b32ca8-6520-41b8-836f-2c1962159118\\subtitles.srt", "parameters": {"similarity_threshold": 0.5, "min_display_duration": 2.0, "output_resolution": "1920x1080", "embed_progress_bar": true, "burn_srt_subtitles": true, "progress_max_segments": 10, "progress_label_max_chars": 10, "srt_merge_gap_sec": 0.6, "srt_min_duration_sec": 0.8, "align_max_backtrack": 2, "align_max_forward_jump": 5, "align_switch_penalty": 0.08, "align_forward_jump_penalty": 0.03, "align_switch_delay_ms": 250, "align_enforce_no_revisit": true, "align_min_slide_usage_ratio": 0.7, "align_enforce_sequential": false, "align_structure_prior_weight": 0.35}}
{"ts": "2026-02-15T15:09:36", "task_id": "e1b32ca8-6520-41b8-836f-2c1962159118", "event": "stage_started", "stage": "initialization"}
{"ts": "2026-02-15T15:09:36", "task_id": "e1b32ca8-6520-41b8-836f-2c1962159118", "event": "stage_started", "stage": "ppt_parsing"}
{"ts": "2026-02-15T15:09:36", "task_id": "e1b32ca8-6520-41b8-836f-2c1962159118", "event": "stage_completed", "stage": "ppt_parsing", "slide_count": 15}
{"ts": "2026-02-15T15:09:36", "task_id": "e1b32ca8-6520-41b8-836f-2c1962159118", "event": "stage_started", "stage": "srt_parsing"}
{"ts": "2026-02-15T15:09:36", "task_id": "e1b32ca8-6520-41b8-836f-2c1962159118", "event": "stage_completed", "stage": "srt_parsing", "subtitle_count": 263}
{"ts": "2026-02-15T15:09:36", "task_id": "e1b32ca8-6520-41b8-836f-2c1962159118", "event": "stage_completed", "stage": "subtitle_preprocess", "segment_count": 35}
{"ts": "2026-02-15T15:09:36", "task_id": "e1b32ca8-6520-41b8-836f-2c1962159118", "event": "structure_prior_written", "path": "F:\\WorkSpace\\Talk2Slides\\backend\\temp\\e1b32ca8-6520-41b8-836f-2c1962159118\\structure_prior.txt", "cover_idx": 0, "toc_idx": null, "ending_idx": 14, "chapter_anchor_count": 1}
{"ts": "2026-02-15T15:09:36", "task_id": "e1b32ca8-6520-41b8-836f-2c1962159118", "event": "stage_started", "stage": "alignment"}
{"ts": "2026-02-15T15:09:48", "task_id": "e1b32ca8-6520-41b8-836f-2c1962159118", "event": "stage_completed", "stage": "alignment", "timeline_segments": 11, "grade": "B"}
{"ts": "2026-02-15T15:09:48", "task_id": "e1b32ca8-6520-41b8-836f-2c1962159118", "event": "stage_started", "stage": "ppt_to_images"}
{"ts": "2026-02-15T15:10:55", "task_id": "e1b32ca8-6520-41b8-836f-2c1962159118", "event": "stage_completed", "stage": "ppt_to_images", "image_count": 15}
{"ts": "2026-02-15T15:10:55", "task_id": "e1b32ca8-6520-41b8-836f-2c1962159118", "event": "stage_started", "stage": "video_synthesis", "output_filename": "海尔智家投资价值分析PPT_v1.mp4"}
{"ts": "2026-02-15T15:12:26", "task_id": "e1b32ca8-6520-41b8-836f-2c1962159118", "event": "processing_completed", "stage": "video_synthesis", "output_video_path": "F:\\WorkSpace\\Talk2Slides\\output\\e1b32ca8-6520-41b8-836f-2c1962159118\\海尔智家投资价值分析PPT_v1.mp4", "processing_duration_seconds": 169.933, "slide_count": 15, "subtitle_count": 263, "segment_count": 35, "timeline_segments": 11}
{"ts": "2026-02-17T01:50:19", "task_id": "6132058a-2e6c-4b6c-a2b1-c8eec0d716bb", "event": "task_created", "pptx_filename": "马应龙投资分析演讲PPT.pptx", "audio_filename": "马应龙投资分析：估值存25-33%上行空间，核心看新业务成长溢价_v1_1.wav", "srt_filename": "马应龙投资分析：估值存25-33%上行空间，核心看新业务成长溢价_v1_1 (1).srt", "output_resolution": "1920x1080", "similarity_threshold": 0.5, "min_display_duration": 2.0}
{"ts": "2026-02-17T01:50:19", "task_id": "6132058a-2e6c-4b6c-a2b1-c8eec0d716bb", "event": "processing_started", "pptx_path": "F:\\WorkSpace\\Talk2Slides\\backend\\temp\\6132058a-2e6c-4b6c-a2b1-c8eec0d716bb\\presentation.pptx", "audio_path": "F:\\WorkSpace\\Talk2Slides\\backend\\temp\\6132058a-2e6c-4b6c-a2b1-c8eec0d716bb\\audio.wav", "srt_path": "F:\\WorkSpace\\Talk2Slides\\backend\\temp\\6132058a-2e6c-4b6c-a2b1-c8eec0d716bb\\subtitles.srt", "parameters": {"similarity_threshold": 0.5, "min_display_duration": 2.0, "output_resolution": "1920x1080", "embed_progress_bar": true, "burn_srt_subtitles": true, "progress_max_segments": 10, "progress_label_max_chars": 10, "srt_merge_gap_sec": 0.6, "srt_min_duration_sec": 0.8, "align_max_backtrack": 2, "align_max_forward_jump": 5, "align_switch_penalty": 0.08, "align_forward_jump_penalty": 0.03, "align_switch_delay_ms": 250, "align_enforce_no_revisit": true, "align_min_slide_usage_ratio": 0.7, "align_enforce_sequential": false, "align_structure_prior_weight": 0.35}}
{"ts": "2026-02-17T01:50:19", "task_id": "6132058a-2e6c-4b6c-a2b1-c8eec0d716bb", "event": "stage_started", "stage": "initialization"}
{"ts": "2026-02-17T01:50:19", "task_id": "6132058a-2e6c-4b6c-a2b1-c8eec0d716bb", "event": "stage_started", "stage": "ppt_parsing"}
{"ts": "2026-02-17T01:50:20", "task_id": "6132058a-2e6c-4b6c-a2b1-c8eec0d716bb", "event": "stage_completed", "stage": "ppt_parsing", "slide_count": 19}
{"ts": "2026-02-17T01:50:20", "task_id": "6132058a-2e6c-4b6c-a2b1-c8eec0d716bb", "event": "stage_started", "stage": "srt_parsing"}
{"ts": "2026-02-17T01:50:20", "task_id": "6132058a-2e6c-4b6c-a2b1-c8eec0d716bb", "event": "stage_completed", "stage": "srt_parsing", "subtitle_count": 342}
{"ts": "2026-02-17T01:50:20", "task_id": "6132058a-2e6c-4b6c-a2b1-c8eec0d716bb", "event": "stage_completed", "stage": "subtitle_preprocess", "segment_count": 33}
{"ts": "2026-02-17T01:50:20", "task_id": "6132058a-2e6c-4b6c-a2b1-c8eec0d716bb", "event": "structure_prior_written", "path": "F:\\WorkSpace\\Talk2Slides\\backend\\temp\\6132058a-2e6c-4b6c-a2b1-c8eec0d716bb\\structure_prior.txt", "cover_idx": 0, "toc_idx": 1, "ending_idx": 18, "chapter_anchor_count": 3}
{"ts": "2026-02-17T01:50:20", "task_id": "6132058a-2e6c-4b6c-a2b1-c8eec0d716bb", "event": "stage_started", "stage": "alignment"}
{"ts": "2026-02-17T01:50:30", "task_id": "6132058a-2e6c-4b6c-a2b1-c8eec0d716bb", "event": "stage_completed", "stage": "alignment", "timeline_segments": 14, "grade": "C"}
{"ts": "2026-02-17T01:50:30", "task_id": "6132058a-2e6c-4b6c-a2b1-c8eec0d716bb", "event": "stage_started", "stage": "ppt_to_images"}
{"ts": "2026-02-17T01:52:17", "task_id": "6132058a-2e6c-4b6c-a2b1-c8eec0d716bb", "event": "stage_completed", "stage": "ppt_to_images", "image_count": 19}
{"ts": "2026-02-17T01:52:17", "task_id": "6132058a-2e6c-4b6c-a2b1-c8eec0d716bb", "event": "stage_started", "stage": "video_synthesis", "output_filename": "马应龙投资分析演讲PPT_v1.mp4"}
{"ts": "2026-02-17T01:54:13", "task_id": "6132058a-2e6c-4b6c-a2b1-c8eec0d716bb", "event": "processing_completed", "stage": "video_synthesis", "output_video_path": "F:\\WorkSpace\\Talk2Slides\\output\\6132058a-2e6c-4b6c-a2b1-c8eec0d716bb\\马应龙投资分析演讲PPT_v1.mp4", "processing_duration_seconds": 233.717, "slide_count": 19, "subtitle_count": 342, "segment_count": 33, "timeline_segments": 14}
{"ts": "2026-02-17T21:07:43", "task_id": "9fd4226c-2318-4044-a1b9-ae952dc474f3", "event": "task_created", "pptx_filename": "中国电信深度估值分析报告.pptx", "audio_filename": "中国电信深度估值：高价已透支AI转型及其风险_v1.wav", "srt_filename": "中国电信深度估值：高价已透支AI转型及其风险_v1.srt", "output_resolution": "1920x1080", "similarity_threshold": 0.5, "min_display_duration": 2.0}
{"ts": "2026-02-17T21:07:43", "task_id": "9fd4226c-2318-4044-a1b9-ae952dc474f3", "event": "processing_started", "pptx_path": "F:\\WorkSpace\\Talk2Slides\\backend\\temp\\9fd4226c-2318-4044-a1b9-ae952dc474f3\\presentation.pptx", "audio_path": "F:\\WorkSpace\\Talk2Slides\\backend\\temp\\9fd4226c-2318-4044-a1b9-ae952dc474f3\\audio.wav", "srt_path": "F:\\WorkSpace\\Talk2Slides\\backend\\temp\\9fd4226c-2318-4044-a1b9-ae952dc474f3\\subtitles.srt", "parameters": {"similarity_threshold": 0.5, "min_display_duration": 2.0, "output_resolution": "1920x1080", "embed_progress_bar": true, "burn_srt_subtitles": true, "progress_max_segments": 10, "progress_label_max_chars": 10, "srt_merge_gap_sec": 0.6, "srt_min_duration_sec": 0.8, "align_max_backtrack": 2, "align_max_forward_jump": 5, "align_switch_penalty": 0.08, "align_forward_jump_penalty": 0.03, "align_switch_delay_ms": 250, "align_enforce_no_revisit": true, "align_min_slide_usage_ratio": 0.7, "align_enforce_sequential": false, "align_structure_prior_weight": 0.35}}
{"ts": "2026-02-17T21:07:43", "task_id": "9fd4226c-2318-4044-a1b9-ae952dc474f3", "event": "stage_started", "stage": "initialization"}
{"ts": "2026-02-17T21:07:43", "task_id": "9fd4226c-2318-4044-a1b9-ae952dc474f3", "event": "stage_started", "stage": "ppt_parsing"}
{"ts": "2026-02-17T21:07:43", "task_id": "9fd4226c-2318-4044-a1b9-ae952dc474f3", "event": "stage_completed", "stage": "ppt_parsing", "slide_count": 20}
{"ts": "2026-02-17T21:07:43", "task_id": "9fd4226c-2318-4044-a1b9-ae952dc474f3", "event": "stage_started", "stage": "srt_parsing"}
{"ts": "2026-02-17T21:07:43", "task_id": "9fd4226c-2318-4044-a1b9-ae952dc474f3", "event": "stage_completed", "stage": "srt_parsing", "subtitle_count": 277}
{"ts": "2026-02-17T21:07:43", "task_id": "9fd4226c-2318-4044-a1b9-ae952dc474f3", "event": "stage_completed", "stage": "subtitle_preprocess", "segment_count": 28}
{"ts": "2026-02-17T21:07:43", "task_id": "9fd4226c-2318-4044-a1b9-ae952dc474f3", "event": "structure_prior_written", "path": "F:\\WorkSpace\\Talk2Slides\\backend\\temp\\9fd4226c-2318-4044-a1b9-ae952dc474f3\\structure_prior.txt", "cover_idx": 0, "toc_idx": 1, "ending_idx": 19, "chapter_anchor_count": 3}
{"ts": "2026-02-17T21:07:43", "task_id": "9fd4226c-2318-4044-a1b9-ae952dc474f3", "event": "stage_started", "stage": "alignment"}
{"ts": "2026-02-17T21:16:59", "task_id": "9fd4226c-2318-4044-a1b9-ae952dc474f3", "event": "processing_failed", "stage": "alignment", "error": "鏃犳硶鍔犺浇妯″瀷 paraphrase-multilingual-MiniLM-L12-v2: timed out", "processing_duration_seconds": 556.386}
{"ts": "2026-02-17T21:41:40", "task_id": "c29db3e0-9a75-4f04-8db5-c12e791050d7", "event": "task_created", "pptx_filename": "中国电信深度估值分析报告.pptx", "audio_filename": "中国电信深度估值：高价已透支AI转型及其风险_v1.wav", "srt_filename": "中国电信深度估值：高价已透支AI转型及其风险_v1.srt", "output_resolution": "1920x1080", "similarity_threshold": 0.5, "min_display_duration": 2.0}
{"ts": "2026-02-17T21:41:40", "task_id": "c29db3e0-9a75-4f04-8db5-c12e791050d7", "event": "processing_started", "pptx_path": "F:\\WorkSpace\\Talk2Slides\\backend\\temp\\c29db3e0-9a75-4f04-8db5-c12e791050d7\\presentation.pptx", "audio_path": "F:\\WorkSpace\\Talk2Slides\\backend\\temp\\c29db3e0-9a75-4f04-8db5-c12e791050d7\\audio.wav", "srt_path": "F:\\WorkSpace\\Talk2Slides\\backend\\temp\\c29db3e0-9a75-4f04-8db5-c12e791050d7\\subtitles.srt", "parameters": {"similarity_threshold": 0.5, "min_display_duration": 2.0, "output_resolution": "1920x1080", "embed_progress_bar": true, "burn_srt_subtitles": true, "progress_max_segments": 10, "progress_label_max_chars": 10, "srt_merge_gap_sec": 0.6, "srt_min_duration_sec": 0.8, "align_max_backtrack": 2, "align_max_forward_jump": 5, "align_switch_penalty": 0.08, "align_forward_jump_penalty": 0.03, "align_switch_delay_ms": 250, "align_enforce_no_revisit": true, "align_min_slide_usage_ratio": 0.7, "align_enforce_sequential": false, "align_structure_prior_weight": 0.35}}
{"ts": "2026-02-17T21:41:40", "task_id": "c29db3e0-9a75-4f04-8db5-c12e791050d7", "event": "stage_started", "stage": "initialization"}
{"ts": "2026-02-17T21:41:40", "task_id": "c29db3e0-9a75-4f04-8db5-c12e791050d7", "event": "stage_started", "stage": "ppt_parsing"}
{"ts": "2026-02-17T21:41:40", "task_id": "c29db3e0-9a75-4f04-8db5-c12e791050d7", "event": "stage_completed", "stage": "ppt_parsing", "slide_count": 20}
{"ts": "2026-02-17T21:41:40", "task_id": "c29db3e0-9a75-4f04-8db5-c12e791050d7", "event": "stage_started", "stage": "srt_parsing"}
{"ts": "2026-02-17T21:41:40", "task_id": "c29db3e0-9a75-4f04-8db5-c12e791050d7", "event": "stage_completed", "stage": "srt_parsing", "subtitle_count": 277}
{"ts": "2026-02-17T21:41:40", "task_id": "c29db3e0-9a75-4f04-8db5-c12e791050d7", "event": "stage_completed", "stage": "subtitle_preprocess", "segment_count": 28}
{"ts": "2026-02-17T21:41:40", "task_id": "c29db3e0-9a75-4f04-8db5-c12e791050d7", "event": "structure_prior_written", "path": "F:\\WorkSpace\\Talk2Slides\\backend\\temp\\c29db3e0-9a75-4f04-8db5-c12e791050d7\\structure_prior.txt", "cover_idx": 0, "toc_idx": 1, "ending_idx": 19, "chapter_anchor_count": 3}
{"ts": "2026-02-17T21:41:40", "task_id": "c29db3e0-9a75-4f04-8db5-c12e791050d7", "event": "stage_started", "stage": "alignment"}
{"ts": "2026-02-17T21:41:41", "task_id": "c29db3e0-9a75-4f04-8db5-c12e791050d7", "event": "stage_completed", "stage": "alignment", "timeline_segments": 14, "grade": "C"}
{"ts": "2026-02-17T21:41:41", "task_id": "c29db3e0-9a75-4f04-8db5-c12e791050d7", "event": "stage_started", "stage": "ppt_to_images"}
{"ts": "2026-02-17T21:43:41", "task_id": "c29db3e0-9a75-4f04-8db5-c12e791050d7", "event": "stage_completed", "stage": "ppt_to_images", "image_count": 20}
{"ts": "2026-02-17T21:43:41", "task_id": "c29db3e0-9a75-4f04-8db5-c12e791050d7", "event": "stage_started", "stage": "video_synthesis", "output_filename": "中国电信深度估值分析报告_v1.mp4"}
{"ts": "2026-02-17T21:45:09", "task_id": "c29db3e0-9a75-4f04-8db5-c12e791050d7", "event": "processing_completed", "stage": "video_synthesis", "output_video_path": "F:\\WorkSpace\\Talk2Slides\\output\\c29db3e0-9a75-4f04-8db5-c12e791050d7\\中国电信深度估值分析报告_v1.mp4", "processing_duration_seconds": 208.814, "slide_count": 20, "subtitle_count": 277, "segment_count": 28, "timeline_segments": 14}
{"ts": "2026-02-17T22:33:05", "task_id": "9c46a1bd-138d-43b1-8755-e2980c1ed90c", "event": "task_created", "pptx_filename": "警惕光大银行：资产质量与盈利陷阱分析.pptx", "audio_filename": "警惕光大银行：表象稳定下的资产质量暗雷与盈利双面陷阱_v1.wav", "srt_filename": "警惕光大银行：表象稳定下的资产质量暗雷与盈利双面陷阱_v1.srt", "output_resolution": "1920x1080", "similarity_threshold": 0.5, "min_display_duration": 2.0}
{"ts": "2026-02-17T22:33:05", "task_id": "9c46a1bd-138d-43b1-8755-e2980c1ed90c", "event": "processing_started", "pptx_path": "F:\\WorkSpace\\Talk2Slides\\backend\\temp\\9c46a1bd-138d-43b1-8755-e2980c1ed90c\\presentation.pptx", "audio_path": "F:\\WorkSpace\\Talk2Slides\\backend\\temp\\9c46a1bd-138d-43b1-8755-e2980c1ed90c\\audio.wav", "srt_path": "F:\\WorkSpace\\Talk2Slides\\backend\\temp\\9c46a1bd-138d-43b1-8755-e2980c1ed90c\\subtitles.srt", "parameters": {"similarity_threshold": 0.5, "min_display_duration": 2.0, "output_resolution": "1920x1080", "embed_progress_bar": true, "burn_srt_subtitles": true, "progress_max_segments": 10, "progress_label_max_chars": 10, "srt_merge_gap_sec": 0.6, "srt_min_duration_sec": 0.8, "align_max_backtrack": 2, "align_max_forward_jump": 5, "align_switch_penalty": 0.08, "align_forward_jump_penalty": 0.03, "align_switch_delay_ms": 250, "align_enforce_no_revisit": true, "align_min_slide_usage_ratio": 0.7, "align_enforce_sequential": false, "align_structure_prior_weight": 0.35}}
{"ts": "2026-02-17T22:33:05", "task_id": "9c46a1bd-138d-43b1-8755-e2980c1ed90c", "event": "stage_started", "stage": "initialization"}
{"ts": "2026-02-17T22:33:05", "task_id": "9c46a1bd-138d-43b1-8755-e2980c1ed90c", "event": "stage_started", "stage": "ppt_parsing"}
{"ts": "2026-02-17T22:33:05", "task_id": "9c46a1bd-138d-43b1-8755-e2980c1ed90c", "event": "stage_completed", "stage": "ppt_parsing", "slide_count": 15}
{"ts": "2026-02-17T22:33:05", "task_id": "9c46a1bd-138d-43b1-8755-e2980c1ed90c", "event": "stage_started", "stage": "srt_parsing"}
{"ts": "2026-02-17T22:33:05", "task_id": "9c46a1bd-138d-43b1-8755-e2980c1ed90c", "event": "stage_completed", "stage": "srt_parsing", "subtitle_count": 218}
{"ts": "2026-02-17T22:33:05", "task_id": "9c46a1bd-138d-43b1-8755-e2980c1ed90c", "event": "stage_completed", "stage": "subtitle_preprocess", "segment_count": 23}
{"ts": "2026-02-17T22:33:05", "task_id": "9c46a1bd-138d-43b1-8755-e2980c1ed90c", "event": "structure_prior_written", "path": "F:\\WorkSpace\\Talk2Slides\\backend\\temp\\9c46a1bd-138d-43b1-8755-e2980c1ed90c\\structure_prior.txt", "cover_idx": 0, "toc_idx": 1, "ending_idx": 14, "chapter_anchor_count": 3}
{"ts": "2026-02-17T22:33:05", "task_id": "9c46a1bd-138d-43b1-8755-e2980c1ed90c", "event": "stage_started", "stage": "alignment"}
{"ts": "2026-02-17T22:33:06", "task_id": "9c46a1bd-138d-43b1-8755-e2980c1ed90c", "event": "stage_completed", "stage": "alignment", "timeline_segments": 11, "grade": "C"}
{"ts": "2026-02-17T22:33:06", "task_id": "9c46a1bd-138d-43b1-8755-e2980c1ed90c", "event": "stage_started", "stage": "ppt_to_images"}
{"ts": "2026-02-17T22:34:44", "task_id": "9c46a1bd-138d-43b1-8755-e2980c1ed90c", "event": "stage_completed", "stage": "ppt_to_images", "image_count": 15}
{"ts": "2026-02-17T22:34:44", "task_id": "9c46a1bd-138d-43b1-8755-e2980c1ed90c", "event": "stage_started", "stage": "video_synthesis", "output_filename": "警惕光大银行：资产质量与盈利陷阱分析_v1.mp4"}
{"ts": "2026-02-17T22:36:04", "task_id": "9c46a1bd-138d-43b1-8755-e2980c1ed90c", "event": "processing_completed", "stage": "video_synthesis", "output_video_path": "F:\\WorkSpace\\Talk2Slides\\output\\9c46a1bd-138d-43b1-8755-e2980c1ed90c\\警惕光大银行：资产质量与盈利陷阱分析_v1.mp4", "processing_duration_seconds": 178.878, "slide_count": 15, "subtitle_count": 218, "segment_count": 23, "timeline_segments": 11}
